2025-01-29T15:10:16.396+05:30  INFO 18352 --- [logging] [main] com.daytona.logging.LoggingApplication   : Starting LoggingApplication using Java 23.0.1 with PID 18352 (C:\Users\Rishabh.Kumar\Desktop\SpringBoot\logging\target\classes started by Rishabh.Kumar in C:\Users\Rishabh.Kumar\Desktop\SpringBoot\logging)
2025-01-29T15:10:16.398+05:30 DEBUG 18352 --- [logging] [main] com.daytona.logging.LoggingApplication   : Running with Spring Boot v3.4.2, Spring v6.2.2
2025-01-29T15:10:16.400+05:30  INFO 18352 --- [logging] [main] com.daytona.logging.LoggingApplication   : No active profile set, falling back to 1 default profile: "default"
2025-01-29T15:10:17.418+05:30  INFO 18352 --- [logging] [main] o.s.b.w.embedded.tomcat.TomcatWebServer  : Tomcat initialized with port 8080 (http)
2025-01-29T15:10:17.439+05:30  INFO 18352 --- [logging] [main] o.apache.catalina.core.StandardService   : Starting service [Tomcat]
2025-01-29T15:10:17.440+05:30  INFO 18352 --- [logging] [main] o.apache.catalina.core.StandardEngine    : Starting Servlet engine: [Apache Tomcat/10.1.34]
2025-01-29T15:10:17.483+05:30  INFO 18352 --- [logging] [main] o.a.c.c.C.[Tomcat].[localhost].[/]       : Initializing Spring embedded WebApplicationContext
2025-01-29T15:10:17.483+05:30  INFO 18352 --- [logging] [main] w.s.c.ServletWebServerApplicationContext : Root WebApplicationContext: initialization completed in 1005 ms
2025-01-29T15:10:17.804+05:30  INFO 18352 --- [logging] [main] o.s.b.w.embedded.tomcat.TomcatWebServer  : Tomcat started on port 8080 (http) with context path '/'
2025-01-29T15:10:17.814+05:30  INFO 18352 --- [logging] [main] com.daytona.logging.LoggingApplication   : Started LoggingApplication in 1.909 seconds (process running for 2.3)
2025-01-29T15:11:11.816+05:30  INFO 18352 --- [logging] [http-nio-8080-exec-1] o.a.c.c.C.[Tomcat].[localhost].[/]       : Initializing Spring DispatcherServlet 'dispatcherServlet'
2025-01-29T15:11:11.817+05:30  INFO 18352 --- [logging] [http-nio-8080-exec-1] o.s.web.servlet.DispatcherServlet        : Initializing Servlet 'dispatcherServlet'
2025-01-29T15:11:11.817+05:30  INFO 18352 --- [logging] [http-nio-8080-exec-1] o.s.web.servlet.DispatcherServlet        : Completed initialization in 0 ms
2025-01-29T15:11:11.861+05:30  INFO 18352 --- [logging] [http-nio-8080-exec-1] c.d.logging.controller.HomeController    : Hello from logger rishabh
2025-01-29T15:11:11.862+05:30 ERROR 18352 --- [logging] [http-nio-8080-exec-1] c.d.logging.controller.HomeController    : Hello from logger rishabh
2025-01-29T15:11:11.862+05:30  WARN 18352 --- [logging] [http-nio-8080-exec-1] c.d.logging.controller.HomeController    : Hello from logger rishabh
2025-01-29T15:11:11.863+05:30 DEBUG 18352 --- [logging] [http-nio-8080-exec-1] c.d.logging.controller.HomeController    : Hello from logger rishabh
2025-01-29T15:11:11.863+05:30 TRACE 18352 --- [logging] [http-nio-8080-exec-1] c.d.logging.controller.HomeController    : Hello from logger rishabh
2025-01-29T15:26:02.916+05:30  INFO 18352 --- [logging] [SpringApplicationShutdownHook] o.s.b.w.e.tomcat.GracefulShutdown        : Commencing graceful shutdown. Waiting for active requests to complete
2025-01-29T15:26:02.930+05:30  INFO 18352 --- [logging] [tomcat-shutdown] o.s.b.w.e.tomcat.GracefulShutdown        : Graceful shutdown complete
